#
# There is insufficient memory for the Java Runtime Environment to continue.
# Native memory allocation (mmap) failed to map 2097152 bytes. Error detail: G1 virtual space
# Possible reasons:
#   The system is out of physical RAM or swap space
#   This process is running with CompressedOops enabled, and the Java Heap may be blocking the growth of the native heap
# Possible solutions:
#   Reduce memory load on the system
#   Increase physical memory or swap space
#   Check if swap backing store is full
#   Decrease Java heap size (-Xmx/-Xms)
#   Decrease number of Java threads
#   Decrease Java thread stack sizes (-Xss)
#   Set larger code cache with -XX:ReservedCodeCacheSize=
#   JVM is running with Zero Based Compressed Oops mode in which the Java heap is
#     placed in the first 32GB address space. The Java Heap base address is the
#     maximum limit for the native heap growth. Please use -XX:HeapBaseMinAddress
#     to set the Java Heap base and to place the Java Heap above 32GB virtual address.
# This output file may be truncated or incomplete.
#
#  Out of Memory Error (os_windows.cpp:3564), pid=28412, tid=29004
#
# JRE version:  (24.0.2+12) (build )
# Java VM: OpenJDK 64-Bit Server VM (24.0.2+12-54, mixed mode, sharing, tiered, compressed oops, compressed class ptrs, g1 gc, windows-amd64)
# No core dump will be written. Minidumps are not enabled by default on client versions of Windows
#

---------------  S U M M A R Y ------------

Command Line: -javaagent:C:\Program Files\JetBrains\IntelliJ IDEA 2025.2.4\lib\idea_rt.jar=45381 -Dfile.encoding=UTF-8 -Dsun.stdout.encoding=UTF-8 -Dsun.stderr.encoding=UTF-8 Main

Host: AMD Ryzen 7 4800H with Radeon Graphics         , 16 cores, 15G,  Windows 11 , 64 bit Build 26100 (10.0.26100.7019)
Time: Mon Nov 17 17:36:16 2025 elapsed time: 1.100321 seconds (0d 0h 0m 1s)

---------------  T H R E A D  ---------------

Current thread (0x00000170319c6cb0):  JavaThread "Unknown thread" [_thread_in_vm, id=29004, stack(0x0000000845b00000,0x0000000845c00000) (1024K)]

Stack: [0x0000000845b00000,0x0000000845c00000]
Native frames: (J=compiled Java code, j=interpreted, Vv=VM code, C=native code)
V  [jvm.dll+0x730829]  (no source info available)
V  [jvm.dll+0x8d9da3]  (no source info available)
V  [jvm.dll+0x8dc28d]  (no source info available)
V  [jvm.dll+0x8dc903]  (no source info available)
V  [jvm.dll+0x2a9f56]  (no source info available)
V  [jvm.dll+0x72cd55]  (no source info available)
V  [jvm.dll+0x72066a]  (no source info available)
V  [jvm.dll+0x390b7a]  (no source info available)
V  [jvm.dll+0x398906]  (no source info available)
V  [jvm.dll+0x384dc1]  (no source info available)
V  [jvm.dll+0x385484]  (no source info available)
V  [jvm.dll+0x3848d4]  (no source info available)
V  [jvm.dll+0x35b41f]  (no source info available)
V  [jvm.dll+0x33d9fc]  (no source info available)
V  [jvm.dll+0x33dc10]  (no source info available)
V  [jvm.dll+0x6d4413]  (no source info available)
V  [jvm.dll+0x6d3441]  (no source info available)
V  [jvm.dll+0x6ce497]  (no source info available)
V  [jvm.dll+0x89d556]  (no source info available)
V  [jvm.dll+0x3f979d]  (no source info available)
V  [jvm.dll+0x885b66]  (no source info available)
V  [jvm.dll+0x495e7e]  (no source info available)
V  [jvm.dll+0x497c51]  (no source info available)
C  [jli.dll+0x52a1]  (no source info available)
C  [ucrtbase.dll+0x37b0]  (no source info available)
C  [KERNEL32.DLL+0x2e8d7]  (no source info available)
C  [ntdll.dll+0x8c53c]  (no source info available)

Lock stack of current Java thread (top to bottom):


---------------  P R O C E S S  ---------------

Threads class SMR info:
_java_thread_list=0x00007ffbe063f318, length=0, elements={
}

Java Threads: ( => current thread )
Total: 0

Other Threads:
  0x0000017033e42110 WorkerThread "GC Thread#0"                     [id=17072, stack(0x0000000845c00000,0x0000000845d00000) (1024K)]
  0x0000017033e57250 ConcurrentGCThread "G1 Main Marker"            [id=16544, stack(0x0000000845d00000,0x0000000845e00000) (1024K)]
  0x0000017033e58500 WorkerThread "G1 Conc#0"                       [id=16552, stack(0x0000000845e00000,0x0000000845f00000) (1024K)]
  0x0000017033e9ea30 ConcurrentGCThread "G1 Refine#0"               [id=2440, stack(0x0000000845f00000,0x0000000846000000) (1024K)]
  0x000001705317c990 ConcurrentGCThread "G1 Service"                [id=27992, stack(0x0000000846000000,0x0000000846100000) (1024K)]

=>0x00000170319c6cb0 (exited) JavaThread "Unknown thread"    [_thread_in_vm, id=29004, stack(0x0000000845b00000,0x0000000845c00000) (1024K)]
Total: 6

Threads with active compile tasks:
Total: 0

VM state: not at safepoint (not fully initialized)

VM Mutex/Monitor currently owned by a thread:  ([mutex/lock_event])
[0x00007ffbe06c45f0] Heap_lock - owner thread: 0x00000170319c6cb0

Heap address: 0x000000070a000000, size: 3936 MB, Compressed Oops mode: Zero based, Oop shift amount: 3

CDS archive(s) mapped at: [0x0000000000000000-0x0000000000000000-0x0000000000000000), size 0, SharedBaseAddress: 0x0000017054000000, ArchiveRelocationMode: 1.
Compressed class space mapped at: 0x0000017055000000-0x0000017095000000, reserved size: 1073741824
UseCompressedClassPointers 1, UseCompactObjectHeaders 0
Narrow klass pointer bits 32, Max shift 3
Narrow klass base: 0x0000017054000000, Narrow klass shift: 0
Encoding Range: [0x0000017054000000 - 0x0000017154000000), (4294967296 bytes)
Klass Range:    [0x0000017054000000 - 0x0000017095000000), (1090519040 bytes)
Klass ID Range:  [8 - 1090519033) (1090519025)

GC Precious Log:
 CardTable entry size: 512
 Card Set container configuration: InlinePtr #cards 4 size 8 Array Of Cards #cards 16 size 48 Howl #buckets 8 coarsen threshold 3686 Howl Bitmap #cards 512 size 80 coarsen threshold 460 Card regions per heap region 1 cards per card region 4096
 CPUs: 16 total, 16 available
 Memory: 15741M
 Large Page Support: Disabled
 NUMA Support: Disabled
 Compressed Oops: Enabled (Zero based)
 Heap Region Size: 2M
 Heap Min Capacity: 8M
 Heap Initial Capacity: 246M
 Heap Max Capacity: 3936M
 Pre-touch: Disabled
 Parallel Workers: 13
 Concurrent Workers: 3
 Concurrent Refinement Workers: 13
 Periodic GC: Disabled

Heap:
 garbage-first heap   total reserved 4030464K, committed 251904K, used 0K [0x000000070a000000, 0x0000000800000000)
  region size 2048K, 0 young (0K), 0 survivors (0K)

[error occurred during error reporting (printing heap information), id 0xc0000005, EXCEPTION_ACCESS_VIOLATION (0xc0000005) at pc=0x00007ffbe018e679]
GC Heap History (0 events):
No events

Dll operation events (1 events):
Event: 0.012 Loaded shared library C:\Users\DELL\.jdks\openjdk-24.0.2+12-54\bin\java.dll

Deoptimization events (0 events):
No events

Classes loaded (0 events):
No events

Classes unloaded (0 events):
No events

Classes redefined (0 events):
No events

Internal exceptions (0 events):
No events

VM Operations (0 events):
No events

Memory protections (0 events):
No events

Nmethod flushes (0 events):
No events

Events (0 events):
No events


Dynamic libraries:
0x00007ff625180000 - 0x00007ff62518e000 	C:\Users\DELL\.jdks\openjdk-24.0.2+12-54\bin\java.exe
0x00007ffc55a20000 - 0x00007ffc55c88000 	C:\WINDOWS\SYSTEM32\ntdll.dll
0x00007ffc54bd0000 - 0x00007ffc54c99000 	C:\WINDOWS\System32\KERNEL32.DLL
0x00007ffc52b70000 - 0x00007ffc52f68000 	C:\WINDOWS\System32\KERNELBASE.dll
0x00007ffc53340000 - 0x00007ffc5348b000 	C:\WINDOWS\System32\ucrtbase.dll
0x00007ffc3d600000 - 0x00007ffc3d616000 	C:\Users\DELL\.jdks\openjdk-24.0.2+12-54\bin\jli.dll
0x00007ffc403a0000 - 0x00007ffc403bb000 	C:\Users\DELL\.jdks\openjdk-24.0.2+12-54\bin\VCRUNTIME140.dll
0x00007ffc55660000 - 0x00007ffc55827000 	C:\WINDOWS\System32\USER32.dll
0x00007ffc38e10000 - 0x00007ffc390a4000 	C:\WINDOWS\WinSxS\amd64_microsoft.windows.common-controls_6595b64144ccf1df_6.0.26100.7019_none_3e06ffa0e335b8a8\COMCTL32.dll
0x00007ffc52f70000 - 0x00007ffc52f97000 	C:\WINDOWS\System32\win32u.dll
0x00007ffc55930000 - 0x00007ffc559d9000 	C:\WINDOWS\System32\msvcrt.dll
0x00007ffc54600000 - 0x00007ffc5462b000 	C:\WINDOWS\System32\GDI32.dll
0x00007ffc535e0000 - 0x00007ffc5370c000 	C:\WINDOWS\System32\gdi32full.dll
0x00007ffc53710000 - 0x00007ffc537b3000 	C:\WINDOWS\System32\msvcp_win.dll
0x00007ffc54800000 - 0x00007ffc54831000 	C:\WINDOWS\System32\IMM32.DLL
0x00007ffc45940000 - 0x00007ffc4594c000 	C:\Users\DELL\.jdks\openjdk-24.0.2+12-54\bin\vcruntime140_1.dll
0x00007ffc22930000 - 0x00007ffc229be000 	C:\Users\DELL\.jdks\openjdk-24.0.2+12-54\bin\msvcp140.dll
0x00007ffbdfa00000 - 0x00007ffbe07a1000 	C:\Users\DELL\.jdks\openjdk-24.0.2+12-54\bin\server\jvm.dll
0x00007ffc54740000 - 0x00007ffc547f4000 	C:\WINDOWS\System32\ADVAPI32.dll
0x00007ffc53d60000 - 0x00007ffc53e06000 	C:\WINDOWS\System32\sechost.dll
0x00007ffc55400000 - 0x00007ffc55518000 	C:\WINDOWS\System32\RPCRT4.dll
0x00007ffc537c0000 - 0x00007ffc53834000 	C:\WINDOWS\System32\WS2_32.dll
0x00007ffc4b380000 - 0x00007ffc4b38b000 	C:\WINDOWS\SYSTEM32\VERSION.dll
0x00007ffc4eef0000 - 0x00007ffc4ef25000 	C:\WINDOWS\SYSTEM32\WINMM.dll
0x00007ffc529f0000 - 0x00007ffc52a4e000 	C:\WINDOWS\SYSTEM32\POWRPROF.dll
0x00007ffc529d0000 - 0x00007ffc529e4000 	C:\WINDOWS\SYSTEM32\UMPDC.dll
0x00007ffc51930000 - 0x00007ffc5194b000 	C:\WINDOWS\SYSTEM32\kernel.appcore.dll
0x00007ffc42590000 - 0x00007ffc4259a000 	C:\Users\DELL\.jdks\openjdk-24.0.2+12-54\bin\jimage.dll
0x00007ffc50190000 - 0x00007ffc503d2000 	C:\WINDOWS\SYSTEM32\DBGHELP.DLL
0x00007ffc54840000 - 0x00007ffc54bcb000 	C:\WINDOWS\System32\combase.dll
0x00007ffc54660000 - 0x00007ffc54737000 	C:\WINDOWS\System32\OLEAUT32.dll
0x00007ffc3acf0000 - 0x00007ffc3ad2c000 	C:\WINDOWS\SYSTEM32\dbgcore.DLL
0x00007ffc52fa0000 - 0x00007ffc53045000 	C:\WINDOWS\System32\bcryptPrimitives.dll
0x00007ffc41cf0000 - 0x00007ffc41cff000 	C:\Users\DELL\.jdks\openjdk-24.0.2+12-54\bin\instrument.dll
0x00007ffc3d080000 - 0x00007ffc3d09e000 	C:\Users\DELL\.jdks\openjdk-24.0.2+12-54\bin\java.dll
0x00007ffc53f40000 - 0x00007ffc540d7000 	C:\WINDOWS\System32\ole32.dll
0x00007ffc54ca0000 - 0x00007ffc553ef000 	C:\WINDOWS\System32\SHELL32.dll
0x00007ffc531d0000 - 0x00007ffc5333b000 	C:\WINDOWS\System32\wintypes.dll

JVMTI agents:
C:\Program Files\JetBrains\IntelliJ IDEA 2025.2.4\lib\idea_rt.jar path:none, loaded, not initialized, instrumentlib options:45381

dbghelp: loaded successfully - version: 4.0.5 - missing functions: none
symbol engine: initialized successfully - sym options: 0x614 - pdb path: .;C:\Users\DELL\.jdks\openjdk-24.0.2+12-54\bin;C:\WINDOWS\SYSTEM32;C:\WINDOWS\WinSxS\amd64_microsoft.windows.common-controls_6595b64144ccf1df_6.0.26100.7019_none_3e06ffa0e335b8a8;C:\Users\DELL\.jdks\openjdk-24.0.2+12-54\bin\server

VM Arguments:
jvm_args: -javaagent:C:\Program Files\JetBrains\IntelliJ IDEA 2025.2.4\lib\idea_rt.jar=45381 -Dfile.encoding=UTF-8 -Dsun.stdout.encoding=UTF-8 -Dsun.stderr.encoding=UTF-8 
java_command: Main
java_class_path (initial): C:\Users\DELL\IdeaProjects\student\out\production\student
Launcher Type: SUN_STANDARD

[Global flags]
     intx CICompilerCount                          = 12                                        {product} {ergonomic}
     uint ConcGCThreads                            = 3                                         {product} {ergonomic}
     uint G1ConcRefinementThreads                  = 13                                        {product} {ergonomic}
   size_t G1HeapRegionSize                         = 2097152                                   {product} {ergonomic}
   size_t InitialHeapSize                          = 257949696                                 {product} {ergonomic}
   size_t MarkStackSize                            = 4194304                                   {product} {ergonomic}
   size_t MarkStackSizeMax                         = 536870912                                 {product} {ergonomic}
   size_t MaxHeapSize                              = 4127195136                                {product} {ergonomic}
   size_t MaxNewSize                               = 2474639360                                {product} {ergonomic}
   size_t MinHeapDeltaBytes                        = 2097152                                   {product} {ergonomic}
   size_t MinHeapSize                              = 8388608                                   {product} {ergonomic}
    uintx NonNMethodCodeHeapSize                   = 7602176                                {pd product} {ergonomic}
    uintx NonProfiledCodeHeapSize                  = 122093568                              {pd product} {ergonomic}
    uintx ProfiledCodeHeapSize                     = 121962496                              {pd product} {ergonomic}
    uintx ReservedCodeCacheSize                    = 251658240                              {pd product} {ergonomic}
     bool SegmentedCodeCache                       = true                                      {product} {ergonomic}
   size_t SoftMaxHeapSize                          = 4127195136                             {manageable} {ergonomic}
     bool UseCompressedOops                        = true                           {product lp64_product} {ergonomic}
     bool UseG1GC                                  = true                                      {product} {ergonomic}
     bool UseLargePagesIndividualAllocation        = false                                  {pd product} {ergonomic}

Logging:
Log output configuration:
 #0: stdout all=warning uptime,level,tags foldmultilines=false
 #1: stderr all=off uptime,level,tags foldmultilines=false

Environment Variables:
PATH=C:\Program Files (x86)\VMware\VMware Workstation\bin\;C:\WINDOWS\system32;C:\WINDOWS;C:\WINDOWS\System32\Wbem;C:\WINDOWS\System32\WindowsPowerShell\v1.0\;C:\WINDOWS\System32\OpenSSH\;C:\Program Files (x86)\Windows Kits\10\Windows Performance Toolkit\;C:\Program Files (x86)\dotnet\;C:\Program Files (x86)\Dev-Cpp\MinGW64\bin;C:\Program Files\Git\cmd;C:\Program Files\MySQL\MySQL Shell 8.0\bin\;C:\Users\DELL\AppData\Local\Programs\Python\Launcher\;C:\Users\DELL\AppData\Local\Microsoft\WindowsApps;C:\Program Files (x86)\Tencent\QQGameTempest\Hall.57711\;D:\обть\Microsoft VS Code\bin;C:\Users\DELL\AppData\Local\Programs\PyCharm 2025.2.1.1\bin;D:\pythone\PyCharm Community Edition 2024.3.5\bin;;C:\APP\bin;C:\Program Files\JetBrains\IntelliJ IDEA Community Edition 2025.1.3\bin;;C:\Program Files\MySQL\MySQL Server 8.0\bin;C:\Program Files\JetBrains\IntelliJ IDEA 2025.2.4\bin
USERNAME=DELL
OS=Windows_NT
PROCESSOR_IDENTIFIER=AMD64 Family 23 Model 96 Stepping 1, AuthenticAMD
TMP=C:\Users\DELL\AppData\Local\Temp
TEMP=C:\Users\DELL\AppData\Local\Temp




Periodic native trim disabled

---------------  S Y S T E M  ---------------

OS:
 Windows 11 , 64 bit Build 26100 (10.0.26100.7019)
OS uptime: 0 days 5:55 hours

CPU: total 16 (initial active 16) (16 cores per cpu, 2 threads per core) family 23 model 96 stepping 1 microcode 0x8600106, cx8, cmov, fxsr, ht, mmx, 3dnowpref, sse, sse2, sse3, ssse3, sse4a, sse4.1, sse4.2, popcnt, lzcnt, tsc, tscinvbit, avx, avx2, aes, clmul, bmi1, bmi2, adx, sha, fma, vzeroupper, clflush, clflushopt, rdtscp, rdpid, f16c
Processor Information for the first 16 processors :
  Max Mhz: 2900, Current Mhz: 2900, Mhz Limit: 2900

Memory: 4k page, system-wide physical 15741M (4497M free)
TotalPageFile size 15741M (AvailPageFile size 5M)
current process WorkingSet (physical memory assigned to process): 28M, peak: 28M
current process commit charge ("private bytes"): 336M, peak: 338M

vm_info: OpenJDK 64-Bit Server VM (24.0.2+12-54) for windows-amd64 JRE (24.0.2+12-54), built on 2025-07-08T12:10:27Z with MS VC++ 17.6 (VS2022)

END.
