#
# There is insufficient memory for the Java Runtime Environment to continue.
# Native memory allocation (malloc) failed to allocate 1048576 bytes. Error detail: AllocateHeap
# Possible reasons:
#   The system is out of physical RAM or swap space
#   This process is running with CompressedOops enabled, and the Java Heap may be blocking the growth of the native heap
# Possible solutions:
#   Reduce memory load on the system
#   Increase physical memory or swap space
#   Check if swap backing store is full
#   Decrease Java heap size (-Xmx/-Xms)
#   Decrease number of Java threads
#   Decrease Java thread stack sizes (-Xss)
#   Set larger code cache with -XX:ReservedCodeCacheSize=
#   JVM is running with Zero Based Compressed Oops mode in which the Java heap is
#     placed in the first 32GB address space. The Java Heap base address is the
#     maximum limit for the native heap growth. Please use -XX:HeapBaseMinAddress
#     to set the Java Heap base and to place the Java Heap above 32GB virtual address.
# This output file may be truncated or incomplete.
#
#  Out of Memory Error (allocation.cpp:44), pid=28192, tid=9844
#
# JRE version: OpenJDK Runtime Environment (24.0.1+9) (build 24.0.1+9-30)
# Java VM: OpenJDK 64-Bit Server VM (24.0.1+9-30, mixed mode, emulated-client, sharing, tiered, compressed oops, compressed class ptrs, g1 gc, windows-amd64)
# No core dump will be written. Minidumps are not enabled by default on client versions of Windows
#

---------------  S U M M A R Y ------------

Command Line: -XX:TieredStopAtLevel=1 -Dspring.output.ansi.enabled=always -Dcom.sun.management.jmxremote -Dspring.jmx.enabled=true -Dspring.liveBeansView.mbeanDomain -Dspring.application.admin.enabled=true -Dmanagement.endpoints.jmx.exposure.include=* -javaagent:C:\Users\DELL\AppData\Local\Programs\IntelliJ IDEA Ultimate 2025.2.3\lib\idea_rt.jar=5001 -Dfile.encoding=UTF-8 -Dsun.stdout.encoding=UTF-8 -Dsun.stderr.encoding=UTF-8 com.example.demo.DemoApplication

Host: AMD Ryzen 7 4800H with Radeon Graphics         , 16 cores, 15G,  Windows 11 , 64 bit Build 26100 (10.0.26100.6725)
Time: Wed Oct 22 11:17:35 2025  Windows 11 , 64 bit Build 26100 (10.0.26100.6725) elapsed time: 2.061754 seconds (0d 0h 0m 2s)

---------------  T H R E A D  ---------------

Current thread (0x000001cd3660aee0):  JavaThread "Attach Listener" daemon [_thread_in_vm, id=9844, stack(0x0000004d2e800000,0x0000004d2e900000) (1024K)]

Stack: [0x0000004d2e800000,0x0000004d2e900000]
Native frames: (J=compiled Java code, j=interpreted, Vv=VM code, C=native code)
V  [jvm.dll+0x730739]  (no source info available)
V  [jvm.dll+0x8d9b23]  (no source info available)
V  [jvm.dll+0x8dc00d]  (no source info available)
V  [jvm.dll+0x8dc683]  (no source info available)
V  [jvm.dll+0x2aa086]  (no source info available)
V  [jvm.dll+0xbe9d7]  (no source info available)
V  [jvm.dll+0x73104f]  (no source info available)
V  [jvm.dll+0x14de76]  (no source info available)
V  [jvm.dll+0x42f456]  (no source info available)
V  [jvm.dll+0x87d76b]  (no source info available)
V  [jvm.dll+0x72ee55]  (no source info available)
C  [ucrtbase.dll+0x37b0]  (no source info available)
C  [KERNEL32.DLL+0x2e8d7]  (no source info available)
C  [ntdll.dll+0x8c53c]  (no source info available)

Lock stack of current Java thread (top to bottom):


---------------  P R O C E S S  ---------------

Threads class SMR info:
_java_thread_list=0x000001cd7c929f30, length=18, elements={
0x000001cd228b0f40, 0x000001cd366055d0, 0x000001cd36605d10, 0x000001cd3660a150,
0x000001cd3660aee0, 0x000001cd3660fbe0, 0x000001cd3661b4c0, 0x000001cd36626b50,
0x000001cd366fd4d0, 0x000001cd36703190, 0x000001cd36703920, 0x000001cd3661a620,
0x000001cd3661ad70, 0x000001cd36619ed0, 0x000001cd3661bc10, 0x000001cd3661c360,
0x000001cd7c9296f0, 0x000001cd7c92a290
}

Java Threads: ( => current thread )
  0x000001cd228b0f40 JavaThread "main"                              [_thread_in_Java, id=7696, stack(0x0000004d2dd00000,0x0000004d2de00000) (1024K)]
  0x000001cd366055d0 JavaThread "Reference Handler"          daemon [_thread_blocked, id=18256, stack(0x0000004d2e500000,0x0000004d2e600000) (1024K)]
  0x000001cd36605d10 JavaThread "Finalizer"                  daemon [_thread_blocked, id=24012, stack(0x0000004d2e600000,0x0000004d2e700000) (1024K)]
  0x000001cd3660a150 JavaThread "Signal Dispatcher"          daemon [_thread_blocked, id=21932, stack(0x0000004d2e700000,0x0000004d2e800000) (1024K)]
=>0x000001cd3660aee0 JavaThread "Attach Listener"            daemon [_thread_in_vm, id=9844, stack(0x0000004d2e800000,0x0000004d2e900000) (1024K)]
  0x000001cd3660fbe0 JavaThread "Service Thread"             daemon [_thread_blocked, id=29144, stack(0x0000004d2e900000,0x0000004d2ea00000) (1024K)]
  0x000001cd3661b4c0 JavaThread "Monitor Deflation Thread"   daemon [_thread_blocked, id=25796, stack(0x0000004d2ea00000,0x0000004d2eb00000) (1024K)]
  0x000001cd36626b50 JavaThread "C1 CompilerThread0"         daemon [_thread_blocked, id=5208, stack(0x0000004d2eb00000,0x0000004d2ec00000) (1024K)]
  0x000001cd366fd4d0 JavaThread "C1 CompilerThread1"         daemon [_thread_blocked, id=23636, stack(0x0000004d2ec00000,0x0000004d2ed00000) (1024K)]
  0x000001cd36703190 JavaThread "C1 CompilerThread2"         daemon [_thread_blocked, id=25968, stack(0x0000004d2ed00000,0x0000004d2ee00000) (1024K)]
  0x000001cd36703920 JavaThread "C1 CompilerThread3"         daemon [_thread_blocked, id=21560, stack(0x0000004d2ee00000,0x0000004d2ef00000) (1024K)]
  0x000001cd3661a620 JavaThread "Common-Cleaner"             daemon [_thread_blocked, id=20516, stack(0x0000004d2ef00000,0x0000004d2f000000) (1024K)]
  0x000001cd3661ad70 JavaThread "Monitor Ctrl-Break"         daemon [_thread_in_native, id=28872, stack(0x0000004d2f000000,0x0000004d2f100000) (1024K)]
  0x000001cd36619ed0 JavaThread "Notification Thread"        daemon [_thread_blocked, id=10204, stack(0x0000004d2f100000,0x0000004d2f200000) (1024K)]
  0x000001cd3661bc10 JavaThread "RMI TCP Accept-0"           daemon [_thread_in_native, id=11208, stack(0x0000004d2f200000,0x0000004d2f300000) (1024K)]
  0x000001cd3661c360 JavaThread "background-preinit"                [_thread_in_native, id=10404, stack(0x0000004d2f300000,0x0000004d2f400000) (1024K)]
  0x000001cd7c9296f0 JavaThread "C1 CompilerThread4"         daemon [_thread_in_vm, id=24200, stack(0x0000004d2fb00000,0x0000004d2fc00000) (1024K)]
  0x000001cd7c92a290 JavaThread "C1 CompilerThread5"         daemon [_thread_blocked, id=14940, stack(0x0000004d2fa00000,0x0000004d2fb00000) (1024K)]
Total: 18

Other Threads:
  0x000001cd365f60a0 VMThread "VM Thread"                           [id=7576, stack(0x0000004d2e400000,0x0000004d2e500000) (1024K)]
  0x000001cd364c3770 WatcherThread "VM Periodic Task Thread"        [id=22380, stack(0x0000004d2e300000,0x0000004d2e400000) (1024K)]
  0x000001cd229185f0 WorkerThread "GC Thread#0"                     [id=27712, stack(0x0000004d2de00000,0x0000004d2df00000) (1024K)]
  0x000001cd7c7febe0 WorkerThread "GC Thread#1"                     [id=26540, stack(0x0000004d2f400000,0x0000004d2f500000) (1024K)]
  0x000001cd7c8680a0 WorkerThread "GC Thread#2"                     [id=16124, stack(0x0000004d2f500000,0x0000004d2f600000) (1024K)]
  0x000001cd7c7e9df0 WorkerThread "GC Thread#3"                     [id=12240, stack(0x0000004d2f600000,0x0000004d2f700000) (1024K)]
  0x000001cd7c8542c0 WorkerThread "GC Thread#4"                     [id=3088, stack(0x0000004d2f700000,0x0000004d2f800000) (1024K)]
  0x000001cd7c83e340 WorkerThread "GC Thread#5"                     [id=7624, stack(0x0000004d2f800000,0x0000004d2f900000) (1024K)]
  0x000001cd7c8a4430 WorkerThread "GC Thread#6"                     [id=30876, stack(0x0000004d2f900000,0x0000004d2fa00000) (1024K)]
  0x000001cd2292d0e0 ConcurrentGCThread "G1 Main Marker"            [id=26824, stack(0x0000004d2df00000,0x0000004d2e000000) (1024K)]
  0x000001cd22930900 WorkerThread "G1 Conc#0"                       [id=14264, stack(0x0000004d2e000000,0x0000004d2e100000) (1024K)]
  0x000001cd364b80e0 ConcurrentGCThread "G1 Refine#0"               [id=23548, stack(0x0000004d2e100000,0x0000004d2e200000) (1024K)]
  0x000001cd364b9920 ConcurrentGCThread "G1 Service"                [id=4856, stack(0x0000004d2e200000,0x0000004d2e300000) (1024K)]
Total: 13

Threads with active compile tasks:
Total: 0

VM state: not at safepoint (normal execution)

VM Mutex/Monitor currently owned by a thread: None

Heap address: 0x000000070a000000, size: 3936 MB, Compressed Oops mode: Zero based, Oop shift amount: 3

CDS archive(s) mapped at: [0x000001cd37000000-0x000001cd37d40000-0x000001cd37d40000), size 13893632, SharedBaseAddress: 0x000001cd37000000, ArchiveRelocationMode: 1.
Compressed class space mapped at: 0x000001cd38000000-0x000001cd78000000, reserved size: 1073741824
UseCompressedClassPointers 1, UseCompactObjectHeaders 0
Narrow klass pointer bits 32, Max shift 3
Narrow klass base: 0x000001cd37000000, Narrow klass shift: 0
Encoding Range: [0x000001cd37000000 - 0x000001ce37000000), (4294967296 bytes)
Klass Range:    [0x000001cd37000000 - 0x000001cd78000000), (1090519040 bytes)
Klass ID Range:  [8 - 1090519033) (1090519025)

GC Precious Log:
 CardTable entry size: 512
 Card Set container configuration: InlinePtr #cards 4 size 8 Array Of Cards #cards 16 size 48 Howl #buckets 8 coarsen threshold 3686 Howl Bitmap #cards 512 size 80 coarsen threshold 460 Card regions per heap region 1 cards per card region 4096
 CPUs: 16 total, 16 available
 Memory: 15741M
 Large Page Support: Disabled
 NUMA Support: Disabled
 Compressed Oops: Enabled (Zero based)
 Heap Region Size: 2M
 Heap Min Capacity: 8M
 Heap Initial Capacity: 246M
 Heap Max Capacity: 3936M
 Pre-touch: Disabled
 Parallel Workers: 13
 Concurrent Workers: 3
 Concurrent Refinement Workers: 13
 Periodic GC: Disabled

Heap:
 garbage-first heap   total reserved 4030464K, committed 253952K, used 17520K [0x000000070a000000, 0x0000000800000000)
  region size 2048K, 9 young (18432K), 3 survivors (6144K)
 Metaspace       used 14497K, committed 14848K, reserved 1114112K
  class space    used 1556K, committed 1728K, reserved 1048576K

Heap Regions: E=young(eden), S=young(survivor), O=old, HS=humongous(starts), HC=humongous(continues), CS=collection set, F=free, TAMS=top-at-mark-start, PB=parsable bottom
|   0|0x000000070a000000, 0x000000070a000000, 0x000000070a200000|  0%| F|  |TAMS 0x000000070a000000| PB 0x000000070a000000| Untracked |  0
|   1|0x000000070a200000, 0x000000070a200000, 0x000000070a400000|  0%| F|  |TAMS 0x000000070a200000| PB 0x000000070a200000| Untracked |  0
|   2|0x000000070a400000, 0x000000070a400000, 0x000000070a600000|  0%| F|  |TAMS 0x000000070a400000| PB 0x000000070a400000| Untracked |  0
|   3|0x000000070a600000, 0x000000070a600000, 0x000000070a800000|  0%| F|  |TAMS 0x000000070a600000| PB 0x000000070a600000| Untracked |  0
|   4|0x000000070a800000, 0x000000070a800000, 0x000000070aa00000|  0%| F|  |TAMS 0x000000070a800000| PB 0x000000070a800000| Untracked |  0
|   5|0x000000070aa00000, 0x000000070aa00000, 0x000000070ac00000|  0%| F|  |TAMS 0x000000070aa00000| PB 0x000000070aa00000| Untracked |  0
|   6|0x000000070ac00000, 0x000000070ac00000, 0x000000070ae00000|  0%| F|  |TAMS 0x000000070ac00000| PB 0x000000070ac00000| Untracked |  0
|   7|0x000000070ae00000, 0x000000070ae00000, 0x000000070b000000|  0%| F|  |TAMS 0x000000070ae00000| PB 0x000000070ae00000| Untracked |  0
|   8|0x000000070b000000, 0x000000070b000000, 0x000000070b200000|  0%| F|  |TAMS 0x000000070b000000| PB 0x000000070b000000| Untracked |  0
|   9|0x000000070b200000, 0x000000070b200000, 0x000000070b400000|  0%| F|  |TAMS 0x000000070b200000| PB 0x000000070b200000| Untracked |  0
|  10|0x000000070b400000, 0x000000070b400000, 0x000000070b600000|  0%| F|  |TAMS 0x000000070b400000| PB 0x000000070b400000| Untracked |  0
|  11|0x000000070b600000, 0x000000070b600000, 0x000000070b800000|  0%| F|  |TAMS 0x000000070b600000| PB 0x000000070b600000| Untracked |  0
|  12|0x000000070b800000, 0x000000070b800000, 0x000000070ba00000|  0%| F|  |TAMS 0x000000070b800000| PB 0x000000070b800000| Untracked |  0
|  13|0x000000070ba00000, 0x000000070ba00000, 0x000000070bc00000|  0%| F|  |TAMS 0x000000070ba00000| PB 0x000000070ba00000| Untracked |  0
|  14|0x000000070bc00000, 0x000000070bc00000, 0x000000070be00000|  0%| F|  |TAMS 0x000000070bc00000| PB 0x000000070bc00000| Untracked |  0
|  15|0x000000070be00000, 0x000000070be00000, 0x000000070c000000|  0%| F|  |TAMS 0x000000070be00000| PB 0x000000070be00000| Untracked |  0
|  16|0x000000070c000000, 0x000000070c000000, 0x000000070c200000|  0%| F|  |TAMS 0x000000070c000000| PB 0x000000070c000000| Untracked |  0
|  17|0x000000070c200000, 0x000000070c200000, 0x000000070c400000|  0%| F|  |TAMS 0x000000070c200000| PB 0x000000070c200000| Untracked |  0
|  18|0x000000070c400000, 0x000000070c400000, 0x000000070c600000|  0%| F|  |TAMS 0x000000070c400000| PB 0x000000070c400000| Untracked |  0
|  19|0x000000070c600000, 0x000000070c600000, 0x000000070c800000|  0%| F|  |TAMS 0x000000070c600000| PB 0x000000070c600000| Untracked |  0
|  20|0x000000070c800000, 0x000000070c800000, 0x000000070ca00000|  0%| F|  |TAMS 0x000000070c800000| PB 0x000000070c800000| Untracked |  0
|  21|0x000000070ca00000, 0x000000070ca00000, 0x000000070cc00000|  0%| F|  |TAMS 0x000000070ca00000| PB 0x000000070ca00000| Untracked |  0
|  22|0x000000070cc00000, 0x000000070cc00000, 0x000000070ce00000|  0%| F|  |TAMS 0x000000070cc00000| PB 0x000000070cc00000| Untracked |  0
|  23|0x000000070ce00000, 0x000000070ce00000, 0x000000070d000000|  0%| F|  |TAMS 0x000000070ce00000| PB 0x000000070ce00000| Untracked |  0
|  24|0x000000070d000000, 0x000000070d000000, 0x000000070d200000|  0%| F|  |TAMS 0x000000070d000000| PB 0x000000070d000000| Untracked |  0
|  25|0x000000070d200000, 0x000000070d200000, 0x000000070d400000|  0%| F|  |TAMS 0x000000070d200000| PB 0x000000070d200000| Untracked |  0
|  26|0x000000070d400000, 0x000000070d400000, 0x000000070d600000|  0%| F|  |TAMS 0x000000070d400000| PB 0x000000070d400000| Untracked |  0
|  27|0x000000070d600000, 0x000000070d600000, 0x000000070d800000|  0%| F|  |TAMS 0x000000070d600000| PB 0x000000070d600000| Untracked |  0
|  28|0x000000070d800000, 0x000000070d800000, 0x000000070da00000|  0%| F|  |TAMS 0x000000070d800000| PB 0x000000070d800000| Untracked |  0
|  29|0x000000070da00000, 0x000000070da00000, 0x000000070dc00000|  0%| F|  |TAMS 0x000000070da00000| PB 0x000000070da00000| Untracked |  0
|  30|0x000000070dc00000, 0x000000070dc00000, 0x000000070de00000|  0%| F|  |TAMS 0x000000070dc00000| PB 0x000000070dc00000| Untracked |  0
|  31|0x000000070de00000, 0x000000070de00000, 0x000000070e000000|  0%| F|  |TAMS 0x000000070de00000| PB 0x000000070de00000| Untracked |  0
|  32|0x000000070e000000, 0x000000070e000000, 0x000000070e200000|  0%| F|  |TAMS 0x000000070e000000| PB 0x000000070e000000| Untracked |  0
|  33|0x000000070e200000, 0x000000070e200000, 0x000000070e400000|  0%| F|  |TAMS 0x000000070e200000| PB 0x000000070e200000| Untracked |  0
|  34|0x000000070e400000, 0x000000070e400000, 0x000000070e600000|  0%| F|  |TAMS 0x000000070e400000| PB 0x000000070e400000| Untracked |  0
|  35|0x000000070e600000, 0x000000070e600000, 0x000000070e800000|  0%| F|  |TAMS 0x000000070e600000| PB 0x000000070e600000| Untracked |  0
|  36|0x000000070e800000, 0x000000070e800000, 0x000000070ea00000|  0%| F|  |TAMS 0x000000070e800000| PB 0x000000070e800000| Untracked |  0
|  37|0x000000070ea00000, 0x000000070ea00000, 0x000000070ec00000|  0%| F|  |TAMS 0x000000070ea00000| PB 0x000000070ea00000| Untracked |  0
|  38|0x000000070ec00000, 0x000000070ec00000, 0x000000070ee00000|  0%| F|  |TAMS 0x000000070ec00000| PB 0x000000070ec00000| Untracked |  0
|  39|0x000000070ee00000, 0x000000070ee00000, 0x000000070f000000|  0%| F|  |TAMS 0x000000070ee00000| PB 0x000000070ee00000| Untracked |  0
|  40|0x000000070f000000, 0x000000070f000000, 0x000000070f200000|  0%| F|  |TAMS 0x000000070f000000| PB 0x000000070f000000| Untracked |  0
|  41|0x000000070f200000, 0x000000070f200000, 0x000000070f400000|  0%| F|  |TAMS 0x000000070f200000| PB 0x000000070f200000| Untracked |  0
|  42|0x000000070f400000, 0x000000070f400000, 0x000000070f600000|  0%| F|  |TAMS 0x000000070f400000| PB 0x000000070f400000| Untracked |  0
|  43|0x000000070f600000, 0x000000070f600000, 0x000000070f800000|  0%| F|  |TAMS 0x000000070f600000| PB 0x000000070f600000| Untracked |  0
|  44|0x000000070f800000, 0x000000070f800000, 0x000000070fa00000|  0%| F|  |TAMS 0x000000070f800000| PB 0x000000070f800000| Untracked |  0
|  45|0x000000070fa00000, 0x000000070fa00000, 0x000000070fc00000|  0%| F|  |TAMS 0x000000070fa00000| PB 0x000000070fa00000| Untracked |  0
|  46|0x000000070fc00000, 0x000000070fc00000, 0x000000070fe00000|  0%| F|  |TAMS 0x000000070fc00000| PB 0x000000070fc00000| Untracked |  0
|  47|0x000000070fe00000, 0x000000070fe00000, 0x0000000710000000|  0%| F|  |TAMS 0x000000070fe00000| PB 0x000000070fe00000| Untracked |  0
|  48|0x0000000710000000, 0x0000000710000000, 0x0000000710200000|  0%| F|  |TAMS 0x0000000710000000| PB 0x0000000710000000| Untracked |  0
|  49|0x0000000710200000, 0x0000000710200000, 0x0000000710400000|  0%| F|  |TAMS 0x0000000710200000| PB 0x0000000710200000| Untracked |  0
|  50|0x0000000710400000, 0x0000000710400000, 0x0000000710600000|  0%| F|  |TAMS 0x0000000710400000| PB 0x0000000710400000| Untracked |  0
|  51|0x0000000710600000, 0x0000000710600000, 0x0000000710800000|  0%| F|  |TAMS 0x0000000710600000| PB 0x0000000710600000| Untracked |  0
|  52|0x0000000710800000, 0x0000000710800000, 0x0000000710a00000|  0%| F|  |TAMS 0x0000000710800000| PB 0x0000000710800000| Untracked |  0
|  53|0x0000000710a00000, 0x0000000710a00000, 0x0000000710c00000|  0%| F|  |TAMS 0x0000000710a00000| PB 0x0000000710a00000| Untracked |  0
|  54|0x0000000710c00000, 0x0000000710c00000, 0x0000000710e00000|  0%| F|  |TAMS 0x0000000710c00000| PB 0x0000000710c00000| Untracked |  0
|  55|0x0000000710e00000, 0x0000000710e00000, 0x0000000711000000|  0%| F|  |TAMS 0x0000000710e00000| PB 0x0000000710e00000| Untracked |  0
|  56|0x0000000711000000, 0x0000000711000000, 0x0000000711200000|  0%| F|  |TAMS 0x0000000711000000| PB 0x0000000711000000| Untracked |  0
|  57|0x0000000711200000, 0x0000000711200000, 0x0000000711400000|  0%| F|  |TAMS 0x0000000711200000| PB 0x0000000711200000| Untracked |  0
|  58|0x0000000711400000, 0x0000000711400000, 0x0000000711600000|  0%| F|  |TAMS 0x0000000711400000| PB 0x0000000711400000| Untracked |  0
|  59|0x0000000711600000, 0x0000000711600000, 0x0000000711800000|  0%| F|  |TAMS 0x0000000711600000| PB 0x0000000711600000| Untracked |  0
|  60|0x0000000711800000, 0x0000000711800000, 0x0000000711a00000|  0%| F|  |TAMS 0x0000000711800000| PB 0x0000000711800000| Untracked |  0
|  61|0x0000000711a00000, 0x0000000711a00000, 0x0000000711c00000|  0%| F|  |TAMS 0x0000000711a00000| PB 0x0000000711a00000| Untracked |  0
|  62|0x0000000711c00000, 0x0000000711c00000, 0x0000000711e00000|  0%| F|  |TAMS 0x0000000711c00000| PB 0x0000000711c00000| Untracked |  0
|  63|0x0000000711e00000, 0x0000000711e00000, 0x0000000712000000|  0%| F|  |TAMS 0x0000000711e00000| PB 0x0000000711e00000| Untracked |  0
|  64|0x0000000712000000, 0x0000000712000000, 0x0000000712200000|  0%| F|  |TAMS 0x0000000712000000| PB 0x0000000712000000| Untracked |  0
|  65|0x0000000712200000, 0x0000000712200000, 0x0000000712400000|  0%| F|  |TAMS 0x0000000712200000| PB 0x0000000712200000| Untracked |  0
|  66|0x0000000712400000, 0x0000000712400000, 0x0000000712600000|  0%| F|  |TAMS 0x0000000712400000| PB 0x0000000712400000| Untracked |  0
|  67|0x0000000712600000, 0x0000000712600000, 0x0000000712800000|  0%| F|  |TAMS 0x0000000712600000| PB 0x0000000712600000| Untracked |  0
|  68|0x0000000712800000, 0x0000000712800000, 0x0000000712a00000|  0%| F|  |TAMS 0x0000000712800000| PB 0x0000000712800000| Untracked |  0
|  69|0x0000000712a00000, 0x0000000712a00000, 0x0000000712c00000|  0%| F|  |TAMS 0x0000000712a00000| PB 0x0000000712a00000| Untracked |  0
|  70|0x0000000712c00000, 0x0000000712c00000, 0x0000000712e00000|  0%| F|  |TAMS 0x0000000712c00000| PB 0x0000000712c00000| Untracked |  0
|  71|0x0000000712e00000, 0x0000000712e00000, 0x0000000713000000|  0%| F|  |TAMS 0x0000000712e00000| PB 0x0000000712e00000| Untracked |  0
|  72|0x0000000713000000, 0x0000000713000000, 0x0000000713200000|  0%| F|  |TAMS 0x0000000713000000| PB 0x0000000713000000| Untracked |  0
|  73|0x0000000713200000, 0x0000000713200000, 0x0000000713400000|  0%| F|  |TAMS 0x0000000713200000| PB 0x0000000713200000| Untracked |  0
|  74|0x0000000713400000, 0x0000000713400000, 0x0000000713600000|  0%| F|  |TAMS 0x0000000713400000| PB 0x0000000713400000| Untracked |  0
|  75|0x0000000713600000, 0x0000000713600000, 0x0000000713800000|  0%| F|  |TAMS 0x0000000713600000| PB 0x0000000713600000| Untracked |  0
|  76|0x0000000713800000, 0x0000000713800000, 0x0000000713a00000|  0%| F|  |TAMS 0x0000000713800000| PB 0x0000000713800000| Untracked |  0
|  77|0x0000000713a00000, 0x0000000713a00000, 0x0000000713c00000|  0%| F|  |TAMS 0x0000000713a00000| PB 0x0000000713a00000| Untracked |  0
|  78|0x0000000713c00000, 0x0000000713c00000, 0x0000000713e00000|  0%| F|  |TAMS 0x0000000713c00000| PB 0x0000000713c00000| Untracked |  0
|  79|0x0000000713e00000, 0x0000000713e00000, 0x0000000714000000|  0%| F|  |TAMS 0x0000000713e00000| PB 0x0000000713e00000| Untracked |  0
|  80|0x0000000714000000, 0x0000000714000000, 0x0000000714200000|  0%| F|  |TAMS 0x0000000714000000| PB 0x0000000714000000| Untracked |  0
|  81|0x0000000714200000, 0x0000000714200000, 0x0000000714400000|  0%| F|  |TAMS 0x0000000714200000| PB 0x0000000714200000| Untracked |  0
|  82|0x0000000714400000, 0x0000000714400000, 0x0000000714600000|  0%| F|  |TAMS 0x0000000714400000| PB 0x0000000714400000| Untracked |  0
|  83|0x0000000714600000, 0x0000000714600000, 0x0000000714800000|  0%| F|  |TAMS 0x0000000714600000| PB 0x0000000714600000| Untracked |  0
|  84|0x0000000714800000, 0x0000000714800000, 0x0000000714a00000|  0%| F|  |TAMS 0x0000000714800000| PB 0x0000000714800000| Untracked |  0
|  85|0x0000000714a00000, 0x0000000714a00000, 0x0000000714c00000|  0%| F|  |TAMS 0x0000000714a00000| PB 0x0000000714a00000| Untracked |  0
|  86|0x0000000714c00000, 0x0000000714c00000, 0x0000000714e00000|  0%| F|  |TAMS 0x0000000714c00000| PB 0x0000000714c00000| Untracked |  0
|  87|0x0000000714e00000, 0x0000000714e00000, 0x0000000715000000|  0%| F|  |TAMS 0x0000000714e00000| PB 0x0000000714e00000| Untracked |  0
|  88|0x0000000715000000, 0x0000000715000000, 0x0000000715200000|  0%| F|  |TAMS 0x0000000715000000| PB 0x0000000715000000| Untracked |  0
|  89|0x0000000715200000, 0x0000000715200000, 0x0000000715400000|  0%| F|  |TAMS 0x0000000715200000| PB 0x0000000715200000| Untracked |  0
|  90|0x0000000715400000, 0x0000000715400000, 0x0000000715600000|  0%| F|  |TAMS 0x0000000715400000| PB 0x0000000715400000| Untracked |  0
|  91|0x0000000715600000, 0x0000000715600000, 0x0000000715800000|  0%| F|  |TAMS 0x0000000715600000| PB 0x0000000715600000| Untracked |  0
|  92|0x0000000715800000, 0x0000000715800000, 0x0000000715a00000|  0%| F|  |TAMS 0x0000000715800000| PB 0x0000000715800000| Untracked |  0
|  93|0x0000000715a00000, 0x0000000715a00000, 0x0000000715c00000|  0%| F|  |TAMS 0x0000000715a00000| PB 0x0000000715a00000| Untracked |  0
|  94|0x0000000715c00000, 0x0000000715c00000, 0x0000000715e00000|  0%| F|  |TAMS 0x0000000715c00000| PB 0x0000000715c00000| Untracked |  0
|  95|0x0000000715e00000, 0x0000000715e00000, 0x0000000716000000|  0%| F|  |TAMS 0x0000000715e00000| PB 0x0000000715e00000| Untracked |  0
|  96|0x0000000716000000, 0x0000000716200000, 0x0000000716200000|100%| S|CS|TAMS 0x0000000716000000| PB 0x0000000716000000| Complete |  0
|  97|0x0000000716200000, 0x0000000716400000, 0x0000000716400000|100%| S|CS|TAMS 0x0000000716200000| PB 0x0000000716200000| Complete |  0
|  98|0x0000000716400000, 0x0000000716600000, 0x0000000716600000|100%| S|CS|TAMS 0x0000000716400000| PB 0x0000000716400000| Complete |  0
|  99|0x0000000716600000, 0x0000000716600000, 0x0000000716800000|  0%| F|  |TAMS 0x0000000716600000| PB 0x0000000716600000| Untracked |  0
| 100|0x0000000716800000, 0x0000000716800000, 0x0000000716a00000|  0%| F|  |TAMS 0x0000000716800000| PB 0x0000000716800000| Untracked |  0
| 101|0x0000000716a00000, 0x0000000716a00000, 0x0000000716c00000|  0%| F|  |TAMS 0x0000000716a00000| PB 0x0000000716a00000| Untracked |  0
| 102|0x0000000716c00000, 0x0000000716c00000, 0x0000000716e00000|  0%| F|  |TAMS 0x0000000716c00000| PB 0x0000000716c00000| Untracked |  0
| 103|0x0000000716e00000, 0x0000000716e00000, 0x0000000717000000|  0%| F|  |TAMS 0x0000000716e00000| PB 0x0000000716e00000| Untracked |  0
| 104|0x0000000717000000, 0x0000000717000000, 0x0000000717200000|  0%| F|  |TAMS 0x0000000717000000| PB 0x0000000717000000| Untracked |  0
| 105|0x0000000717200000, 0x0000000717200000, 0x0000000717400000|  0%| F|  |TAMS 0x0000000717200000| PB 0x0000000717200000| Untracked |  0
| 106|0x0000000717400000, 0x0000000717400000, 0x0000000717600000|  0%| F|  |TAMS 0x0000000717400000| PB 0x0000000717400000| Untracked |  0
| 107|0x0000000717600000, 0x0000000717600000, 0x0000000717800000|  0%| F|  |TAMS 0x0000000717600000| PB 0x0000000717600000| Untracked |  0
| 108|0x0000000717800000, 0x0000000717800000, 0x0000000717a00000|  0%| F|  |TAMS 0x0000000717800000| PB 0x0000000717800000| Untracked |  0
| 109|0x0000000717a00000, 0x0000000717a00000, 0x0000000717c00000|  0%| F|  |TAMS 0x0000000717a00000| PB 0x0000000717a00000| Untracked |  0
| 110|0x0000000717c00000, 0x0000000717c00000, 0x0000000717e00000|  0%| F|  |TAMS 0x0000000717c00000| PB 0x0000000717c00000| Untracked |  0
| 111|0x0000000717e00000, 0x0000000717e00000, 0x0000000718000000|  0%| F|  |TAMS 0x0000000717e00000| PB 0x0000000717e00000| Untracked |  0
| 112|0x0000000718000000, 0x0000000718000000, 0x0000000718200000|  0%| F|  |TAMS 0x0000000718000000| PB 0x0000000718000000| Untracked |  0
| 113|0x0000000718200000, 0x0000000718200000, 0x0000000718400000|  0%| F|  |TAMS 0x0000000718200000| PB 0x0000000718200000| Untracked |  0
| 114|0x0000000718400000, 0x0000000718400000, 0x0000000718600000|  0%| F|  |TAMS 0x0000000718400000| PB 0x0000000718400000| Untracked |  0
| 115|0x0000000718600000, 0x0000000718600000, 0x0000000718800000|  0%| F|  |TAMS 0x0000000718600000| PB 0x0000000718600000| Untracked |  0
| 116|0x0000000718800000, 0x0000000718800000, 0x0000000718a00000|  0%| F|  |TAMS 0x0000000718800000| PB 0x0000000718800000| Untracked |  0
| 117|0x0000000718a00000, 0x0000000718b92758, 0x0000000718c00000| 78%| E|  |TAMS 0x0000000718a00000| PB 0x0000000718a00000| Complete |  0
| 118|0x0000000718c00000, 0x0000000718e00000, 0x0000000718e00000|100%| E|CS|TAMS 0x0000000718c00000| PB 0x0000000718c00000| Complete |  0
| 119|0x0000000718e00000, 0x0000000719000000, 0x0000000719000000|100%| E|CS|TAMS 0x0000000718e00000| PB 0x0000000718e00000| Complete |  0
| 120|0x0000000719000000, 0x0000000719200000, 0x0000000719200000|100%| E|CS|TAMS 0x0000000719000000| PB 0x0000000719000000| Complete |  0
| 121|0x0000000719200000, 0x0000000719400000, 0x0000000719400000|100%| E|CS|TAMS 0x0000000719200000| PB 0x0000000719200000| Complete |  0
| 122|0x0000000719400000, 0x0000000719600000, 0x0000000719600000|100%| E|CS|TAMS 0x0000000719400000| PB 0x0000000719400000| Complete |  0
|1967|0x00000007ffe00000, 0x00000007fff1c288, 0x0000000800000000| 55%| O|  |TAMS 0x00000007ffe00000| PB 0x00000007ffe00000| Untracked |  0

Card table byte_map: [0x000001cd2f080000,0x000001cd2f830000] _byte_map_base: 0x000001cd2b830000

Marking Bits: (CMBitMap*) 0x000001cd22919420
 Bits: [0x000001cd2f830000, 0x000001cd335b0000)

Polling page: 0x000001cd22080000

Metaspace:

Usage:
  Non-class:     12.69 MB used.
      Class:      1.53 MB used.
       Both:     14.23 MB used.

Virtual space:
  Non-class space:       64.00 MB reserved,      12.81 MB ( 20%) committed,  1 nodes.
      Class space:        1.00 GB reserved,       1.69 MB ( <1%) committed,  1 nodes.
             Both:        1.06 GB reserved,      14.50 MB (  1%) committed. 

Chunk freelists:
   Non-Class:  2.42 MB
       Class:  14.30 MB
        Both:  16.72 MB

MaxMetaspaceSize: unlimited
CompressedClassSpaceSize: 1.00 GB
Initial GC threshold: 21.00 MB
Current GC threshold: 21.00 MB
CDS: on
 - commit_granule_bytes: 65536.
 - commit_granule_words: 8192.
 - virtual_space_node_default_size: 8388608.
 - enlarge_chunks_in_place: 1.
UseCompressedClassPointers 1, UseCompactObjectHeaders 0
Narrow klass pointer bits 32, Max shift 3
Narrow klass base: 0x000001cd37000000, Narrow klass shift: 0
Encoding Range: [0x000001cd37000000 - 0x000001ce37000000), (4294967296 bytes)
Klass Range:    [0x000001cd37000000 - 0x000001cd78000000), (1090519040 bytes)
Klass ID Range:  [8 - 1090519033) (1090519025)


Internal statistics:

num_allocs_failed_limit: 0.
num_arena_births: 230.
num_arena_deaths: 0.
num_vsnodes_births: 2.
num_vsnodes_deaths: 0.
num_space_committed: 233.
num_space_uncommitted: 0.
num_chunks_returned_to_freelist: 0.
num_chunks_taken_from_freelist: 625.
num_chunk_merges: 0.
num_chunk_splits: 428.
num_chunks_enlarged: 314.
num_inconsistent_stats: 0.

CodeCache: size=49152Kb used=6887Kb max_used=6887Kb free=42264Kb
 bounds [0x000001cd2b150000, 0x000001cd2b810000, 0x000001cd2e150000]
 total_blobs=2978, nmethods=2469, adapters=430, full_count=0
Compilation: enabled, stopped_count=0, restarted_count=0

Compilation events (20 events):
Event: 1.058 Thread 0x000001cd36703190 nmethod 2309 0x000001cd2b6b8c08 code [0x000001cd2b6b8d60, 0x000001cd2b6b9280]
Event: 1.058 Thread 0x000001cd366fd4d0 2314       1       sun.util.locale.LanguageTag::parse (205 bytes)
Event: 1.058 Thread 0x000001cd36703920 2315       1       sun.util.locale.ParseStatus::<init> (9 bytes)
Event: 1.058 Thread 0x000001cd36703190 2316       1       sun.util.locale.ParseStatus::reset (16 bytes)
Event: 1.058 Thread 0x000001cd36703190 nmethod 2316 0x000001cd2b6b9308 code [0x000001cd2b6b9420, 0x000001cd2b6b9520]
Event: 1.058 Thread 0x000001cd36703920 nmethod 2315 0x000001cd2b6b9608 code [0x000001cd2b6b9720, 0x000001cd2b6b9820]
Event: 1.058 Thread 0x000001cd36703190 2317       1       sun.util.locale.StringTokenIterator::<init> (51 bytes)
Event: 1.058 Thread 0x000001cd36703920 2318       1       sun.util.locale.StringTokenIterator::setStart (62 bytes)
Event: 1.058 Thread 0x000001cd36703920 nmethod 2318 0x000001cd2b6b9908 code [0x000001cd2b6b9a40, 0x000001cd2b6b9ca8]
Event: 1.058 Thread 0x000001cd36626b50 nmethod 2313 0x000001cd2b6b9d08 code [0x000001cd2b6b9e80, 0x000001cd2b6ba2b8]
Event: 1.058 Thread 0x000001cd36703190 nmethod 2317 0x000001cd2b6ba308 code [0x000001cd2b6ba440, 0x000001cd2b6ba758]
Event: 1.058 Thread 0x000001cd36626b50 2343       1       sun.util.locale.LocaleUtils::toTitleString (139 bytes)
Event: 1.058 Thread 0x000001cd36703190 2319       1       sun.util.locale.LanguageTag::<init> (50 bytes)
Event: 1.058 Thread 0x000001cd36703920 2320       1       sun.util.locale.LanguageTag::parseLanguage (55 bytes)
Event: 1.058 Thread 0x000001cd36703190 nmethod 2319 0x000001cd2b6ba808 code [0x000001cd2b6ba940, 0x000001cd2b6bad40]
Event: 1.058 Thread 0x000001cd36703190 2321       1       sun.util.locale.LanguageTag::isLanguage (29 bytes)
Event: 2.059 Thread 0x000001cd366fd4d0 nmethod 2314 0x000001cd2b747b08 code [0x000001cd2b747d40, 0x000001cd2b748628]
Event: 2.059 Thread 0x000001cd366fd4d0 2339       1       sun.util.locale.InternalLocaleBuilder::getLocaleExtensions (65 bytes)
Event: 2.059 Thread 0x000001cd7c9296f0 2340       1       sun.util.locale.LocaleUtils::isEmpty (19 bytes)
Event: 2.059 Thread 0x000001cd7c92a290 2322       1       sun.util.locale.LanguageTag::parseExtlangs (114 bytes)

GC Heap History (2 events):
Event: 0.974 GC heap before
{Heap before GC invocations=0 (full 0):
 garbage-first heap   total reserved 4030464K, committed 253952K, used 50288K [0x000000070a000000, 0x0000000800000000)
  region size 2048K, 24 young (49152K), 0 survivors (0K)
 Metaspace       used 11703K, committed 11968K, reserved 1114112K
  class space    used 1337K, committed 1408K, reserved 1048576K
}
Event: 0.980 GC heap after
{Heap after GC invocations=1 (full 0):
 garbage-first heap   total reserved 4030464K, committed 253952K, used 7280K [0x000000070a000000, 0x0000000800000000)
  region size 2048K, 3 young (6144K), 3 survivors (6144K)
 Metaspace       used 11703K, committed 11968K, reserved 1114112K
  class space    used 1337K, committed 1408K, reserved 1048576K
}

Dll operation events (10 events):
Event: 0.011 Loaded shared library C:\Users\DELL\.jdks\openjdk-24.0.1\bin\java.dll
Event: 0.097 Loaded shared library C:\Users\DELL\.jdks\openjdk-24.0.1\bin\zip.dll
Event: 0.102 Loaded shared library C:\Users\DELL\.jdks\openjdk-24.0.1\bin\instrument.dll
Event: 0.107 Loaded shared library C:\Users\DELL\.jdks\openjdk-24.0.1\bin\net.dll
Event: 0.109 Loaded shared library C:\Users\DELL\.jdks\openjdk-24.0.1\bin\nio.dll
Event: 0.112 Loaded shared library C:\Users\DELL\.jdks\openjdk-24.0.1\bin\zip.dll
Event: 0.162 Loaded shared library C:\Users\DELL\.jdks\openjdk-24.0.1\bin\jimage.dll
Event: 0.169 Loaded shared library C:\Users\DELL\.jdks\openjdk-24.0.1\bin\extnet.dll
Event: 0.191 Loaded shared library C:\Users\DELL\.jdks\openjdk-24.0.1\bin\management.dll
Event: 0.201 Loaded shared library C:\Users\DELL\.jdks\openjdk-24.0.1\bin\management_ext.dll

Deoptimization events (0 events):
No events

Classes loaded (20 events):
Event: 0.996 Loading class java/util/concurrent/CompletionException
Event: 0.996 Loading class java/util/concurrent/CompletionException done
Event: 1.030 Loading class java/beans/Transient
Event: 1.030 Loading class java/beans/Transient done
Event: 1.030 Loading class java/beans/ConstructorProperties
Event: 1.030 Loading class java/beans/ConstructorProperties done
Event: 1.032 Loading class java/io/InvalidObjectException
Event: 1.033 Loading class java/io/InvalidObjectException done
Event: 1.034 Loading class java/util/concurrent/ConcurrentLinkedQueue
Event: 1.034 Loading class java/util/concurrent/ConcurrentLinkedQueue done
Event: 1.034 Loading class java/util/concurrent/ConcurrentLinkedQueue$Node
Event: 1.034 Loading class java/util/concurrent/ConcurrentLinkedQueue$Node done
Event: 1.035 Loading class java/util/concurrent/atomic/AtomicLongArray
Event: 1.035 Loading class java/util/concurrent/atomic/AtomicLongArray done
Event: 1.035 Loading class java/lang/invoke/VarHandleLongs$Array
Event: 1.035 Loading class java/lang/invoke/VarHandleLongs$Array done
Event: 1.036 Loading class java/util/concurrent/atomic/AtomicReferenceArray
Event: 1.036 Loading class java/util/concurrent/atomic/AtomicReferenceArray done
Event: 1.036 Loading class java/lang/invoke/VarHandleReferences$Array
Event: 1.036 Loading class java/lang/invoke/VarHandleReferences$Array done

Classes unloaded (0 events):
No events

Classes redefined (0 events):
No events

Internal exceptions (20 events):
Event: 0.791 Thread 0x000001cd228b0f40 Exception <a 'java/lang/NoSuchMethodError'{0x00000007172d8e88}: 'java.lang.Object java.lang.invoke.DirectMethodHandle$Holder.invokeStaticInit(java.lang.Object, java.lang.Object, java.lang.Object, java.lang.Object, java.lang.Object, java.lang.Object, java.lang.Object)'> (0x00000007172d8e88) 
thrown [s\open\src\hotspot\share\interpreter\linkResolver.cpp, line 805]
Event: 0.793 Thread 0x000001cd228b0f40 Exception <a 'java/lang/NoSuchMethodError'{0x00000007172f47d8}: 'int java.lang.invoke.DirectMethodHandle$Holder.invokeStaticInit(java.lang.Object, int, int)'> (0x00000007172f47d8) 
thrown [s\open\src\hotspot\share\interpreter\linkResolver.cpp, line 805]
Event: 0.794 Thread 0x000001cd228b0f40 Exception <a 'java/lang/NoSuchMethodError'{0x0000000717308ab8}: 'int java.lang.invoke.DirectMethodHandle$Holder.invokeStaticInit(java.lang.Object, long, long)'> (0x0000000717308ab8) 
thrown [s\open\src\hotspot\share\interpreter\linkResolver.cpp, line 805]
Event: 0.795 Thread 0x000001cd228b0f40 Exception <a 'java/lang/NoSuchMethodError'{0x0000000717318ab0}: 'int java.lang.invoke.DirectMethodHandle$Holder.invokeStaticInit(java.lang.Object, float, float)'> (0x0000000717318ab0) 
thrown [s\open\src\hotspot\share\interpreter\linkResolver.cpp, line 805]
Event: 0.795 Thread 0x000001cd228b0f40 Exception <a 'java/lang/NoSuchMethodError'{0x0000000717328aa0}: 'int java.lang.invoke.DirectMethodHandle$Holder.invokeStaticInit(java.lang.Object, double, double)'> (0x0000000717328aa0) 
thrown [s\open\src\hotspot\share\interpreter\linkResolver.cpp, line 805]
Event: 0.795 Thread 0x000001cd228b0f40 Exception <a 'java/lang/NoSuchMethodError'{0x0000000717331760}: 'int java.lang.invoke.DirectMethodHandle$Holder.invokeStatic(java.lang.Object, long)'> (0x0000000717331760) 
thrown [s\open\src\hotspot\share\interpreter\linkResolver.cpp, line 805]
Event: 0.796 Thread 0x000001cd228b0f40 Exception <a 'java/lang/NoSuchMethodError'{0x000000071734a168}: 'java.lang.Object java.lang.invoke.DirectMethodHandle$Holder.invokeStatic(java.lang.Object, long)'> (0x000000071734a168) 
thrown [s\open\src\hotspot\share\interpreter\linkResolver.cpp, line 805]
Event: 0.796 Thread 0x000001cd228b0f40 Exception <a 'java/lang/NoSuchMethodError'{0x0000000717352740}: 'java.lang.Object java.lang.invoke.DirectMethodHandle$Holder.invokeStatic(java.lang.Object, float)'> (0x0000000717352740) 
thrown [s\open\src\hotspot\share\interpreter\linkResolver.cpp, line 805]
Event: 0.798 Thread 0x000001cd228b0f40 Exception <a 'java/lang/NoSuchMethodError'{0x0000000717393b40}: 'int java.lang.invoke.Invokers$Holder.linkToTargetMethod(java.lang.Object, java.lang.Object)'> (0x0000000717393b40) 
thrown [s\open\src\hotspot\share\interpreter\linkResolver.cpp, line 805]
Event: 0.810 Thread 0x000001cd228b0f40 Exception <a 'java/lang/NoSuchMethodError'{0x0000000717035748}: 'java.lang.Object java.lang.invoke.DirectMethodHandle$Holder.newInvokeSpecial(java.lang.Object, java.lang.Object, java.lang.Object, int, java.lang.Object)'> (0x0000000717035748) 
thrown [s\open\src\hotspot\share\interpreter\linkResolver.cpp, line 805]
Event: 0.811 Thread 0x000001cd228b0f40 Exception <a 'java/lang/NoSuchMethodError'{0x0000000717045e10}: 'java.lang.Object java.lang.invoke.Invokers$Holder.linkToTargetMethod(java.lang.Object, java.lang.Object, int, java.lang.Object, java.lang.Object)'> (0x0000000717045e10) 
thrown [s\open\src\hotspot\share\interpreter\linkResolver.cpp, line 805]
Event: 0.812 Thread 0x000001cd228b0f40 Exception <a 'java/lang/NoSuchMethodError'{0x0000000717061470}: 'java.lang.Object java.lang.invoke.DirectMethodHandle$Holder.newInvokeSpecial(java.lang.Object, int, java.lang.Object)'> (0x0000000717061470) 
thrown [s\open\src\hotspot\share\interpreter\linkResolver.cpp, line 805]
Event: 0.812 Thread 0x000001cd228b0f40 Exception <a 'java/lang/NoSuchMethodError'{0x000000071706a988}: 'int java.lang.invoke.DirectMethodHandle$Holder.invokeSpecialIFC(java.lang.Object, java.lang.Object, java.lang.Object, java.lang.Object)'> (0x000000071706a988) 
thrown [s\open\src\hotspot\share\interpreter\linkResolver.cpp, line 805]
Event: 0.827 Thread 0x000001cd228b0f40 Exception <a 'java/lang/NoSuchMethodError'{0x000000071715a050}: 'void java.lang.invoke.DirectMethodHandle$Holder.invokeInterface(java.lang.Object, java.lang.Object, java.lang.Object)'> (0x000000071715a050) 
thrown [s\open\src\hotspot\share\interpreter\linkResolver.cpp, line 805]
Event: 0.838 Thread 0x000001cd228b0f40 Exception <a 'java/lang/NoSuchMethodError'{0x00000007171dbd38}: 'java.lang.Object java.lang.invoke.DirectMethodHandle$Holder.invokeVirtual(java.lang.Object, java.lang.Object, java.lang.Object)'> (0x00000007171dbd38) 
thrown [s\open\src\hotspot\share\interpreter\linkResolver.cpp, line 805]
Event: 0.855 Thread 0x000001cd228b0f40 Exception <a 'java/lang/NoSuchMethodError'{0x0000000716ec5bf8}: 'void java.lang.invoke.DirectMethodHandle$Holder.invokeStatic(java.lang.Object, java.lang.Object, int)'> (0x0000000716ec5bf8) 
thrown [s\open\src\hotspot\share\interpreter\linkResolver.cpp, line 805]
Event: 0.858 Thread 0x000001cd228b0f40 Exception <a 'java/lang/NoSuchMethodError'{0x0000000716ee3458}: 'void java.lang.invoke.DirectMethodHandle$Holder.invokeStaticInit(java.lang.Object, java.lang.Object, java.lang.Object)'> (0x0000000716ee3458) 
thrown [s\open\src\hotspot\share\interpreter\linkResolver.cpp, line 805]
Event: 0.877 Thread 0x000001cd228b0f40 Exception <a 'java/lang/NoSuchMethodError'{0x0000000716fbc8d0}: 'void java.lang.invoke.DirectMethodHandle$Holder.invokeVirtual(java.lang.Object, java.lang.Object, java.lang.Object, java.lang.Object)'> (0x0000000716fbc8d0) 
thrown [s\open\src\hotspot\share\interpreter\linkResolver.cpp, line 805]
Event: 0.933 Thread 0x000001cd3661c360 Exception <a 'java/lang/NoClassDefFoundError'{0x0000000716804788}: jakarta/validation/Validation> (0x0000000716804788) 
thrown [s\open\src\hotspot\share\classfile\systemDictionary.cpp, line 316]
Event: 0.940 Thread 0x000001cd228b0f40 Exception <a 'java/lang/IncompatibleClassChangeError'{0x000000071690b1a0}: Found class java.lang.Object, but interface was expected> (0x000000071690b1a0) 
thrown [s\open\src\hotspot\share\interpreter\linkResolver.cpp, line 872]

VM Operations (20 events):
Event: 0.329 Executing VM operation: HandshakeAllThreads (Deoptimize)
Event: 0.329 Executing VM operation: HandshakeAllThreads (Deoptimize) done
Event: 0.381 Executing VM operation: HandshakeAllThreads (Deoptimize)
Event: 0.381 Executing VM operation: HandshakeAllThreads (Deoptimize) done
Event: 0.420 Executing VM operation: HandshakeAllThreads (Deoptimize)
Event: 0.420 Executing VM operation: HandshakeAllThreads (Deoptimize) done
Event: 0.424 Executing VM operation: HandshakeAllThreads (Deoptimize)
Event: 0.424 Executing VM operation: HandshakeAllThreads (Deoptimize) done
Event: 0.602 Executing VM operation: HandshakeAllThreads (Deoptimize)
Event: 0.602 Executing VM operation: HandshakeAllThreads (Deoptimize) done
Event: 0.854 Executing VM operation: HandshakeAllThreads (Deoptimize)
Event: 0.854 Executing VM operation: HandshakeAllThreads (Deoptimize) done
Event: 0.855 Executing VM operation: HandshakeAllThreads (Deoptimize)
Event: 0.855 Executing VM operation: HandshakeAllThreads (Deoptimize) done
Event: 0.924 Executing VM operation: HandshakeAllThreads (Deoptimize)
Event: 0.924 Executing VM operation: HandshakeAllThreads (Deoptimize) done
Event: 0.927 Executing VM operation: HandshakeAllThreads (Deoptimize)
Event: 0.927 Executing VM operation: HandshakeAllThreads (Deoptimize) done
Event: 0.974 Executing VM operation: G1CollectForAllocation (G1 Evacuation Pause)
Event: 0.980 Executing VM operation: G1CollectForAllocation (G1 Evacuation Pause) done

Memory protections (0 events):
No events

Nmethod flushes (0 events):
No events

Events (18 events):
Event: 0.024 Thread 0x000001cd228b0f40 Thread added: 0x000001cd228b0f40
Event: 0.037 Thread 0x000001cd228b0f40 Thread added: 0x000001cd366055d0
Event: 0.038 Thread 0x000001cd228b0f40 Thread added: 0x000001cd36605d10
Event: 0.038 Thread 0x000001cd228b0f40 Thread added: 0x000001cd3660a150
Event: 0.038 Thread 0x000001cd228b0f40 Thread added: 0x000001cd3660aee0
Event: 0.038 Thread 0x000001cd228b0f40 Thread added: 0x000001cd3660fbe0
Event: 0.038 Thread 0x000001cd228b0f40 Thread added: 0x000001cd3661b4c0
Event: 0.038 Thread 0x000001cd228b0f40 Thread added: 0x000001cd36626b50
Event: 0.087 Thread 0x000001cd36626b50 Thread added: 0x000001cd366fd4d0
Event: 0.087 Thread 0x000001cd36626b50 Thread added: 0x000001cd36703190
Event: 0.087 Thread 0x000001cd36626b50 Thread added: 0x000001cd36703920
Event: 0.105 Thread 0x000001cd228b0f40 Thread added: 0x000001cd3661a620
Event: 0.157 Thread 0x000001cd228b0f40 Thread added: 0x000001cd3661ad70
Event: 0.157 Thread 0x000001cd228b0f40 Thread added: 0x000001cd36619ed0
Event: 0.386 Thread 0x000001cd228b0f40 Thread added: 0x000001cd3661bc10
Event: 0.931 Thread 0x000001cd228b0f40 Thread added: 0x000001cd3661c360
Event: 1.058 Thread 0x000001cd36703920 Thread added: 0x000001cd7c9296f0
Event: 1.058 Thread 0x000001cd36703920 Thread added: 0x000001cd7c92a290


Dynamic libraries:
0x00007ff679660000 - 0x00007ff67966e000 	C:\Users\DELL\.jdks\openjdk-24.0.1\bin\java.exe
0x00007ffba4ea0000 - 0x00007ffba5108000 	C:\WINDOWS\SYSTEM32\ntdll.dll
0x00007ffba39f0000 - 0x00007ffba3ab9000 	C:\WINDOWS\System32\KERNEL32.DLL
0x00007ffba2300000 - 0x00007ffba26f2000 	C:\WINDOWS\System32\KERNELBASE.dll
0x00007ffba2700000 - 0x00007ffba284b000 	C:\WINDOWS\System32\ucrtbase.dll
0x00007ffb9a1c0000 - 0x00007ffb9a1db000 	C:\Users\DELL\.jdks\openjdk-24.0.1\bin\VCRUNTIME140.dll
0x00007ffb9a4d0000 - 0x00007ffb9a4e6000 	C:\Users\DELL\.jdks\openjdk-24.0.1\bin\jli.dll
0x00007ffba3f70000 - 0x00007ffba4135000 	C:\WINDOWS\System32\USER32.dll
0x00007ffb89b70000 - 0x00007ffb89e03000 	C:\WINDOWS\WinSxS\amd64_microsoft.windows.common-controls_6595b64144ccf1df_6.0.26100.6899_none_3e0efeeae32e88c1\COMCTL32.dll
0x00007ffba37f0000 - 0x00007ffba3899000 	C:\WINDOWS\System32\msvcrt.dll
0x00007ffba2030000 - 0x00007ffba2057000 	C:\WINDOWS\System32\win32u.dll
0x00007ffba4aa0000 - 0x00007ffba4acb000 	C:\WINDOWS\System32\GDI32.dll
0x00007ffba29c0000 - 0x00007ffba2aed000 	C:\WINDOWS\System32\gdi32full.dll
0x00007ffba2060000 - 0x00007ffba2103000 	C:\WINDOWS\System32\msvcp_win.dll
0x00007ffba3de0000 - 0x00007ffba3e0f000 	C:\WINDOWS\System32\IMM32.DLL
0x00007ffb99ff0000 - 0x00007ffb99ffc000 	C:\Users\DELL\.jdks\openjdk-24.0.1\bin\vcruntime140_1.dll
0x00007ffb92fe0000 - 0x00007ffb9306e000 	C:\Users\DELL\.jdks\openjdk-24.0.1\bin\msvcp140.dll
0x00007ffb26c60000 - 0x00007ffb27a02000 	C:\Users\DELL\.jdks\openjdk-24.0.1\bin\server\jvm.dll
0x00007ffba3930000 - 0x00007ffba39e4000 	C:\WINDOWS\System32\ADVAPI32.dll
0x00007ffba3740000 - 0x00007ffba37e6000 	C:\WINDOWS\System32\sechost.dll
0x00007ffba3bc0000 - 0x00007ffba3cd8000 	C:\WINDOWS\System32\RPCRT4.dll
0x00007ffba2c70000 - 0x00007ffba2ce4000 	C:\WINDOWS\System32\WS2_32.dll
0x00007ffba1e90000 - 0x00007ffba1eee000 	C:\WINDOWS\SYSTEM32\POWRPROF.dll
0x00007ffb9e510000 - 0x00007ffb9e545000 	C:\WINDOWS\SYSTEM32\WINMM.dll
0x00007ffb94bb0000 - 0x00007ffb94bbb000 	C:\WINDOWS\SYSTEM32\VERSION.dll
0x00007ffba1e70000 - 0x00007ffba1e84000 	C:\WINDOWS\SYSTEM32\UMPDC.dll
0x00007ffba0e00000 - 0x00007ffba0e1b000 	C:\WINDOWS\SYSTEM32\kernel.appcore.dll
0x00007ffb99dd0000 - 0x00007ffb99dda000 	C:\Users\DELL\.jdks\openjdk-24.0.1\bin\jimage.dll
0x00007ffb9f680000 - 0x00007ffb9f8c2000 	C:\WINDOWS\SYSTEM32\DBGHELP.DLL
0x00007ffba33c0000 - 0x00007ffba373b000 	C:\WINDOWS\System32\combase.dll
0x00007ffba3e20000 - 0x00007ffba3ef7000 	C:\WINDOWS\System32\OLEAUT32.dll
0x00007ffb89e70000 - 0x00007ffb89eac000 	C:\WINDOWS\SYSTEM32\dbgcore.DLL
0x00007ffba2110000 - 0x00007ffba21a8000 	C:\WINDOWS\System32\bcryptPrimitives.dll
0x00007ffb99dc0000 - 0x00007ffb99dcf000 	C:\Users\DELL\.jdks\openjdk-24.0.1\bin\instrument.dll
0x00007ffb960c0000 - 0x00007ffb960de000 	C:\Users\DELL\.jdks\openjdk-24.0.1\bin\java.dll
0x00007ffba4900000 - 0x00007ffba4a98000 	C:\WINDOWS\System32\ole32.dll
0x00007ffba41b0000 - 0x00007ffba48fd000 	C:\WINDOWS\System32\SHELL32.dll
0x00007ffba2850000 - 0x00007ffba29bb000 	C:\WINDOWS\System32\wintypes.dll
0x00007ffb9fcc0000 - 0x00007ffba051d000 	C:\WINDOWS\SYSTEM32\windows.storage.dll
0x00007ffba3ac0000 - 0x00007ffba3bb2000 	C:\WINDOWS\System32\SHCORE.dll
0x00007ffba3f00000 - 0x00007ffba3f62000 	C:\WINDOWS\System32\shlwapi.dll
0x00007ffba1f20000 - 0x00007ffba1f49000 	C:\WINDOWS\SYSTEM32\profapi.dll
0x00007ffb94e30000 - 0x00007ffb94e47000 	C:\Users\DELL\.jdks\openjdk-24.0.1\bin\zip.dll
0x00007ffb95820000 - 0x00007ffb95830000 	C:\Users\DELL\.jdks\openjdk-24.0.1\bin\net.dll
0x00007ffba1370000 - 0x00007ffba13db000 	C:\WINDOWS\system32\mswsock.dll
0x00007ffb94df0000 - 0x00007ffb94e06000 	C:\Users\DELL\.jdks\openjdk-24.0.1\bin\nio.dll
0x00007ffb94de0000 - 0x00007ffb94de9000 	C:\Users\DELL\.jdks\openjdk-24.0.1\bin\extnet.dll
0x00007ffba0910000 - 0x00007ffba0a36000 	C:\WINDOWS\SYSTEM32\DNSAPI.dll
0x00007ffba08d0000 - 0x00007ffba0904000 	C:\WINDOWS\SYSTEM32\IPHLPAPI.DLL
0x00007ffba32f0000 - 0x00007ffba32fa000 	C:\WINDOWS\System32\NSI.dll
0x00007ffb984b0000 - 0x00007ffb984bb000 	C:\Windows\System32\rasadhlp.dll
0x00007ffb98c90000 - 0x00007ffb98d16000 	C:\WINDOWS\System32\fwpuclnt.dll
0x00007ffb94dd0000 - 0x00007ffb94dda000 	C:\Users\DELL\.jdks\openjdk-24.0.1\bin\management.dll
0x00007ffb94dc0000 - 0x00007ffb94dcb000 	C:\Users\DELL\.jdks\openjdk-24.0.1\bin\management_ext.dll
0x00007ffba2dd0000 - 0x00007ffba2dd8000 	C:\WINDOWS\System32\PSAPI.DLL
0x00007ffba1620000 - 0x00007ffba163b000 	C:\WINDOWS\SYSTEM32\CRYPTSP.dll
0x00007ffba0d60000 - 0x00007ffba0d9b000 	C:\WINDOWS\system32\rsaenh.dll
0x00007ffba1410000 - 0x00007ffba143b000 	C:\WINDOWS\SYSTEM32\USERENV.dll
0x00007ffba1f50000 - 0x00007ffba1f76000 	C:\WINDOWS\SYSTEM32\bcrypt.dll
0x00007ffba1640000 - 0x00007ffba164c000 	C:\WINDOWS\SYSTEM32\CRYPTBASE.dll
0x00007ffb79220000 - 0x00007ffb79238000 	C:\WINDOWS\system32\napinsp.dll
0x00007ffb79200000 - 0x00007ffb79212000 	C:\WINDOWS\System32\winrnr.dll
0x00007ffb791d0000 - 0x00007ffb791f8000 	C:\WINDOWS\system32\nlansp_c.dll
0x00007ffb99ac0000 - 0x00007ffb99ad6000 	C:\WINDOWS\system32\wshbth.dll

JVMTI agents:
C:\Users\DELL\AppData\Local\Programs\IntelliJ IDEA Ultimate 2025.2.3\lib\idea_rt.jar path:C:\Users\DELL\.jdks\openjdk-24.0.1\bin\instrument.dll, loaded, initialized, instrumentlib options:5001

dbghelp: loaded successfully - version: 4.0.5 - missing functions: none
symbol engine: initialized successfully - sym options: 0x614 - pdb path: .;C:\Users\DELL\.jdks\openjdk-24.0.1\bin;C:\WINDOWS\SYSTEM32;C:\WINDOWS\WinSxS\amd64_microsoft.windows.common-controls_6595b64144ccf1df_6.0.26100.6899_none_3e0efeeae32e88c1;C:\Users\DELL\.jdks\openjdk-24.0.1\bin\server

VM Arguments:
jvm_args: -XX:TieredStopAtLevel=1 -Dspring.output.ansi.enabled=always -Dcom.sun.management.jmxremote -Dspring.jmx.enabled=true -Dspring.liveBeansView.mbeanDomain -Dspring.application.admin.enabled=true -Dmanagement.endpoints.jmx.exposure.include=* -javaagent:C:\Users\DELL\AppData\Local\Programs\IntelliJ IDEA Ultimate 2025.2.3\lib\idea_rt.jar=5001 -Dfile.encoding=UTF-8 -Dsun.stdout.encoding=UTF-8 -Dsun.stderr.encoding=UTF-8 
java_command: com.example.demo.DemoApplication
java_class_path (initial): C:\Users\DELL\IdeaProjects\demo\target\classes;C:\Users\DELL\.m2\repository\org\springframework\boot\spring-boot-starter-web\3.5.6\spring-boot-starter-web-3.5.6.jar;C:\Users\DELL\.m2\repository\org\springframework\boot\spring-boot-starter\3.5.6\spring-boot-starter-3.5.6.jar;C:\Users\DELL\.m2\repository\org\springframework\boot\spring-boot\3.5.6\spring-boot-3.5.6.jar;C:\Users\DELL\.m2\repository\org\springframework\boot\spring-boot-autoconfigure\3.5.6\spring-boot-autoconfigure-3.5.6.jar;C:\Users\DELL\.m2\repository\org\springframework\boot\spring-boot-starter-logging\3.5.6\spring-boot-starter-logging-3.5.6.jar;C:\Users\DELL\.m2\repository\ch\qos\logback\logback-classic\1.5.18\logback-classic-1.5.18.jar;C:\Users\DELL\.m2\repository\ch\qos\logback\logback-core\1.5.18\logback-core-1.5.18.jar;C:\Users\DELL\.m2\repository\org\apache\logging\log4j\log4j-to-slf4j\2.24.3\log4j-to-slf4j-2.24.3.jar;C:\Users\DELL\.m2\repository\org\apache\logging\log4j\log4j-api\2.24.3\log4j-api-2.24.3.jar;C:\Users\DELL\.m2\repository\org\slf4j\jul-to-slf4j\2.0.17\jul-to-slf4j-2.0.17.jar;C:\Users\DELL\.m2\repository\jakarta\annotation\jakarta.annotation-api\2.1.1\jakarta.annotation-api-2.1.1.jar;C:\Users\DELL\.m2\repository\org\yaml\snakeyaml\2.4\snakeyaml-2.4.jar;C:\Users\DELL\.m2\repository\org\springframework\boot\spring-boot-starter-json\3.5.6\spring-boot-starter-json-3.5.6.jar;C:\Users\DELL\.m2\repository\com\fasterxml\jackson\core\jackson-databind\2.19.2\jackson-databind-2.19.2.jar;C:\Users\DELL\.m2\repository\com\fasterxml\jackson\core\jackson-annotations\2.19.2\jackson-annotations-2.19.2.jar;C:\Users\DELL\.m2\repository\com\fasterxml\jackson\core\jackson-core\2.19.2\jackson-core-2.19.2.jar;C:\Users\DELL\.m2\repository\com\fasterxml\jackson\datatype\jackson-datatype-jdk8\2.19.2\jackson-datatype-jdk8-2.19.2.jar;C:\Users\DELL\.m2\repository\com\fasterxml\jackson\datatype\jackson-datatype-jsr310\2.19.2\jackson-datatype-jsr310-2.19.2.jar;C:\Users\DELL\.m2\repository\com\fasterxml\jackson\module\jackson-module-parameter-names\2.19.2\jackson-module-parameter-names-2.19.2.jar;C:\Users\DELL\.m2\repository\org\springframework\boot\spring-boot-starter-tomcat\3.5.6\spring-boot-starter-tomcat-3.5.6.jar;C:\Users\DELL\.m2\repository\org\apache\tomcat\embed\tomcat-embed-core\10.1.46\tomcat-embed-core-10.1.46.jar;C:\Users\DELL\.m2\repository\org\apache\tomcat\embed\tomcat-embed-el\10.1.46\tomcat-embed-el-10.1.46.jar;C:\Users\DELL\.m2\repository\org\apache\tomcat\embed\tomcat-embed-websocket\10.1.46\tomcat-embed-websocket-10.1.46.jar;C:\Users\DELL\.m2\repository\org\springframework\spring-web\6.2.11\spring-web-6.2.11.jar;C:\Users\DELL\.m2\repository\org\springframework\spring-beans\6.2.11\spring-beans-6.2.11.jar;C:\Users\DELL\.m2\repository\io\micrometer\micrometer-observation\1.15.4\micrometer-observation-1.15.4.jar;C:\Users\DELL\.m2\repository\io\micrometer\micrometer-commons\1.15.4\micrometer-commons-1.15.4.jar;C:\Users\DELL\.m2\repository\org\springframework\spring-webmvc\6.2.11\spring-webmvc-6.2.11.jar;C:\Users\DELL\.m2\repository\org\springframework\spring-aop\6.2.11\spring-aop-6.2.11.jar;C:\Users\DELL\.m2\repository\org\springframework\spring-context\6.2.11\spring-context-6.2.11.jar;C:\Users\DELL\.m2\repository\org\springframework\spring-expression\6.2.11\spring-expression-6.2.11.jar;C:\Users\DELL\.m2\repository\org\slf4j\slf4j-api\2.0.17\slf4j-api-2.0.17.jar;C:\Users\DELL\.m2\repository\org\springframework\spring-core\6.2.11\spring-core-6.2.11.jar;C:\Users\DELL\.m2\repository\org\springframework\spring-jcl\6.2.11\spring-jcl-6.2.11.jar
Launcher Type: SUN_STANDARD

[Global flags]
     intx CICompilerCount                          = 12                                        {product} {ergonomic}
     uint ConcGCThreads                            = 3                                         {product} {ergonomic}
     uint G1ConcRefinementThreads                  = 13                                        {product} {ergonomic}
   size_t G1HeapRegionSize                         = 2097152                                   {product} {ergonomic}
   size_t InitialHeapSize                          = 257949696                                 {product} {ergonomic}
     bool ManagementServer                         = true                                      {product} {command line}
   size_t MarkStackSize                            = 4194304                                   {product} {ergonomic}
   size_t MarkStackSizeMax                         = 536870912                                 {product} {ergonomic}
   size_t MaxHeapSize                              = 4127195136                                {product} {ergonomic}
   size_t MaxNewSize                               = 2474639360                                {product} {ergonomic}
   size_t MinHeapDeltaBytes                        = 2097152                                   {product} {ergonomic}
   size_t MinHeapSize                              = 8388608                                   {product} {ergonomic}
    uintx NonNMethodCodeHeapSize                   = 4096                                   {pd product} {ergonomic}
    uintx NonProfiledCodeHeapSize                  = 0                                      {pd product} {ergonomic}
     bool ProfileInterpreter                       = false                                  {pd product} {command line}
    uintx ProfiledCodeHeapSize                     = 0                                      {pd product} {ergonomic}
   size_t SoftMaxHeapSize                          = 4127195136                             {manageable} {ergonomic}
     intx TieredStopAtLevel                        = 1                                         {product} {command line}
     bool UseCompressedOops                        = true                           {product lp64_product} {ergonomic}
     bool UseG1GC                                  = true                                      {product} {ergonomic}
     bool UseLargePagesIndividualAllocation        = false                                  {pd product} {ergonomic}

Logging:
Log output configuration:
 #0: stdout all=warning uptime,level,tags foldmultilines=false
 #1: stderr all=off uptime,level,tags foldmultilines=false

Environment Variables:
PATH=C:\Program Files (x86)\VMware\VMware Workstation\bin\;C:\WINDOWS\system32;C:\WINDOWS;C:\WINDOWS\System32\Wbem;C:\WINDOWS\System32\WindowsPowerShell\v1.0\;C:\WINDOWS\System32\OpenSSH\;C:\Program Files (x86)\Windows Kits\10\Windows Performance Toolkit\;C:\Program Files (x86)\dotnet\;C:\Program Files (x86)\Dev-Cpp\MinGW64\bin;C:\Users\DELL\AppData\Local\Programs\Python\Launcher\;C:\Users\DELL\AppData\Local\Microsoft\WindowsApps;C:\Program Files (x86)\Tencent\QQGameTempest\Hall.57711\;D:\\Microsoft VS Code\bin;C:\Users\DELL\AppData\Local\Programs\PyCharm 2025.2.1.1\bin;D:\pythone\PyCharm Community Edition 2024.3.5\bin;;C:\APP\bin;;C:\Program Files\JetBrains\IntelliJ IDEA Community Edition 2025.1.3\bin;
USERNAME=DELL
OS=Windows_NT
PROCESSOR_IDENTIFIER=AMD64 Family 23 Model 96 Stepping 1, AuthenticAMD
TMP=C:\Users\DELL\AppData\Local\Temp
TEMP=C:\Users\DELL\AppData\Local\Temp




Periodic native trim disabled

---------------  S Y S T E M  ---------------

OS:
 Windows 11 , 64 bit Build 26100 (10.0.26100.6725)
OS uptime: 1 days 3:27 hours

CPU: total 16 (initial active 16) (16 cores per cpu, 2 threads per core) family 23 model 96 stepping 1 microcode 0x8600106, cx8, cmov, fxsr, ht, mmx, 3dnowpref, sse, sse2, sse3, ssse3, sse4a, sse4.1, sse4.2, popcnt, lzcnt, tsc, tscinvbit, avx, avx2, aes, clmul, bmi1, bmi2, adx, sha, fma, vzeroupper, clflush, clflushopt, rdtscp, rdpid, f16c
Processor Information for the first 16 processors :
  Max Mhz: 2900, Current Mhz: 2900, Mhz Limit: 2900

Memory: 4k page, system-wide physical 15741M (5002M free)
TotalPageFile size 15741M (AvailPageFile size 5M)
current process WorkingSet (physical memory assigned to process): 122M, peak: 122M
current process commit charge ("private bytes"): 370M, peak: 370M

vm_info: OpenJDK 64-Bit Server VM (24.0.1+9-30) for windows-amd64 JRE (24.0.1+9-30), built on 2025-03-05T07:23:45Z with MS VC++ 17.6 (VS2022)

END.
